# JRE version: Java(TM) SE Runtime Environment (17.0.10+11) (build 17.0.10+11-LTS-240)
# Java VM: Java HotSpot(TM) 64-Bit Server VM (17.0.10+11-LTS-240, mixed mode, sharing, tiered, compressed oops, compressed class ptrs, g1 gc, windows-amd64)
GC Precious Log:
 CPUs: 4 total, 4 available
 Memory: 8150M
 Large Page Support: Disabled
 NUMA Support: Disabled
 Compressed Oops: Enabled (32-bit)
 Heap Region Size: 1M
 Heap Min Capacity: 8M
 Heap Initial Capacity: 128M
 Heap Max Capacity: 2G
 Pre-touch: Disabled
 Parallel Workers: 4
 Concurrent Workers: 1
 Concurrent Refinement Workers: 4
 Periodic GC: Disabled
Heap:
 garbage-first heap   total 496640K, used 401083K [0x0000000080000000, 0x0000000100000000)
  region size 1024K, 105 young (107520K), 11 survivors (11264K)
 Metaspace       used 108552K, committed 110464K, reserved 557056K
  class space    used 15150K, committed 16000K, reserved 425984K
GC Heap History (20 events):
Event: 341.576 GC heap after
{Heap after GC invocations=97 (full 0):
 garbage-first heap   total 331776K, used 279411K [0x0000000080000000, 0x0000000100000000)
  region size 1024K, 2 young (2048K), 2 survivors (2048K)
 Metaspace       used 102859K, committed 104576K, reserved 557056K
  class space    used 14387K, committed 15104K, reserved 425984K
}
Event: 342.459 GC heap before
{Heap before GC invocations=97 (full 0):
 garbage-first heap   total 331776K, used 293747K [0x0000000080000000, 0x0000000100000000)
  region size 1024K, 16 young (16384K), 2 survivors (2048K)
 Metaspace       used 103097K, committed 104832K, reserved 557056K
  class space    used 14415K, committed 15168K, reserved 425984K
}
Event: 342.472 GC heap after
{Heap after GC invocations=98 (full 0):
 garbage-first heap   total 331776K, used 281632K [0x0000000080000000, 0x0000000100000000)
  region size 1024K, 2 young (2048K), 2 survivors (2048K)
 Metaspace       used 103097K, committed 104832K, reserved 557056K
  class space    used 14415K, committed 15168K, reserved 425984K
}
Event: 344.269 GC heap before
{Heap before GC invocations=98 (full 0):
 garbage-first heap   total 331776K, used 295968K [0x0000000080000000, 0x0000000100000000)
  region size 1024K, 16 young (16384K), 2 survivors (2048K)
 Metaspace       used 103235K, committed 104960K, reserved 557056K
  class space    used 14426K, committed 15168K, reserved 425984K
}
Event: 344.292 GC heap after
{Heap after GC invocations=99 (full 0):
 garbage-first heap   total 331776K, used 283741K [0x0000000080000000, 0x0000000100000000)
  region size 1024K, 2 young (2048K), 2 survivors (2048K)
 Metaspace       used 103235K, committed 104960K, reserved 557056K
  class space    used 14426K, committed 15168K, reserved 425984K
}
Event: 346.493 GC heap before
{Heap before GC invocations=99 (full 0):
 garbage-first heap   total 331776K, used 298077K [0x0000000080000000, 0x0000000100000000)
  region size 1024K, 16 young (16384K), 2 survivors (2048K)
 Metaspace       used 103370K, committed 105088K, reserved 557056K
  class space    used 14447K, committed 15168K, reserved 425984K
}
Event: 346.504 GC heap after
{Heap after GC invocations=100 (full 0):
 garbage-first heap   total 331776K, used 284561K [0x0000000080000000, 0x0000000100000000)
  region size 1024K, 1 young (1024K), 1 survivors (1024K)
 Metaspace       used 103370K, committed 105088K, reserved 557056K
  class space    used 14447K, committed 15168K, reserved 425984K
}
Event: 349.331 GC heap before
{Heap before GC invocations=100 (full 0):
 garbage-first heap   total 331776K, used 299921K [0x0000000080000000, 0x0000000100000000)
  region size 1024K, 16 young (16384K), 1 survivors (1024K)
 Metaspace       used 103412K, committed 105088K, reserved 557056K
  class space    used 14447K, committed 15168K, reserved 425984K
}
Event: 349.336 GC heap after
{Heap after GC invocations=101 (full 0):
 garbage-first heap   total 331776K, used 286139K [0x0000000080000000, 0x0000000100000000)
  region size 1024K, 2 young (2048K), 2 survivors (2048K)
 Metaspace       used 103412K, committed 105088K, reserved 557056K
  class space    used 14447K, committed 15168K, reserved 425984K
}
Event: 350.130 GC heap before
{Heap before GC invocations=101 (full 0):
 garbage-first heap   total 331776K, used 300475K [0x0000000080000000, 0x0000000100000000)
  region size 1024K, 16 young (16384K), 2 survivors (2048K)
 Metaspace       used 103635K, committed 105344K, reserved 557056K
  class space    used 14467K, committed 15232K, reserved 425984K
}
Event: 350.141 GC heap after
{Heap after GC invocations=102 (full 0):
 garbage-first heap   total 331776K, used 291278K [0x0000000080000000, 0x0000000100000000)
  region size 1024K, 2 young (2048K), 2 survivors (2048K)
 Metaspace       used 103635K, committed 105344K, reserved 557056K
  class space    used 14467K, committed 15232K, reserved 425984K
}
Event: 350.966 GC heap before
{Heap before GC invocations=102 (full 0):
 garbage-first heap   total 331776K, used 305614K [0x0000000080000000, 0x0000000100000000)
  region size 1024K, 16 young (16384K), 2 survivors (2048K)
 Metaspace       used 103874K, committed 105600K, reserved 557056K
  class space    used 14491K, committed 15232K, reserved 425984K
}
Event: 350.977 GC heap after
{Heap after GC invocations=103 (full 0):
 garbage-first heap   total 331776K, used 295901K [0x0000000080000000, 0x0000000100000000)
  region size 1024K, 2 young (2048K), 2 survivors (2048K)
 Metaspace       used 103874K, committed 105600K, reserved 557056K
  class space    used 14491K, committed 15232K, reserved 425984K
}
Event: 352.535 GC heap before
{Heap before GC invocations=104 (full 0):
 garbage-first heap   total 496640K, used 318429K [0x0000000080000000, 0x0000000100000000)
  region size 1024K, 24 young (24576K), 2 survivors (2048K)
 Metaspace       used 105256K, committed 106944K, reserved 557056K
  class space    used 14689K, committed 15424K, reserved 425984K
}
Event: 352.551 GC heap after
{Heap after GC invocations=105 (full 0):
 garbage-first heap   total 496640K, used 298700K [0x0000000080000000, 0x0000000100000000)
  region size 1024K, 3 young (3072K), 3 survivors (3072K)
 Metaspace       used 105256K, committed 106944K, reserved 557056K
  class space    used 14689K, committed 15424K, reserved 425984K
}
Event: 353.423 GC heap before
{Heap before GC invocations=105 (full 0):
 garbage-first heap   total 496640K, used 320204K [0x0000000080000000, 0x0000000100000000)
  region size 1024K, 24 young (24576K), 3 survivors (3072K)
 Metaspace       used 107036K, committed 108800K, reserved 557056K
  class space    used 14978K, committed 15744K, reserved 425984K
}
Event: 353.438 GC heap after
{Heap after GC invocations=106 (full 0):
 garbage-first heap   total 496640K, used 294734K [0x0000000080000000, 0x0000000100000000)
  region size 1024K, 2 young (2048K), 2 survivors (2048K)
 Metaspace       used 107036K, committed 108800K, reserved 557056K
  class space    used 14978K, committed 15744K, reserved 425984K
}
Event: 357.946 GC heap before
{Heap before GC invocations=106 (full 0):
 garbage-first heap   total 496640K, used 393038K [0x0000000080000000, 0x0000000100000000)
  region size 1024K, 98 young (100352K), 2 survivors (2048K)
 Metaspace       used 108111K, committed 109888K, reserved 557056K
  class space    used 15069K, committed 15872K, reserved 425984K
}
Event: 357.965 GC heap after
{Heap after GC invocations=107 (full 0):
 garbage-first heap   total 496640K, used 304827K [0x0000000080000000, 0x0000000100000000)
  region size 1024K, 12 young (12288K), 12 survivors (12288K)
 Metaspace       used 108111K, committed 109888K, reserved 557056K
  class space    used 15069K, committed 15872K, reserved 425984K
}
Event: 360.980 GC heap before
{Heap before GC invocations=107 (full 0):
 garbage-first heap   total 496640K, used 401083K [0x0000000080000000, 0x0000000100000000)
  region size 1024K, 106 young (108544K), 12 survivors (12288K)
 Metaspace       used 108552K, committed 110464K, reserved 557056K
  class space    used 15150K, committed 16000K, reserved 425984K
}

